2025-07-02 16:41:27 | GET | /tasks.php?user_id=1
2025-07-02 16:56:07 | GET | /tasks.php?user_id=1
2025-07-02 17:28:01 | GET | /tasks.php?user_id=1
2025-07-02 18:45:14 | GET | /tasks.php?user_id=1
2025-07-02 18:49:47 | GET | /tasks.php?user_id=1
2025-07-02 19:48:33 | GET | /tasks.php?user_id=1
2025-07-30 16:49:11 | GET | /tasks.php?user_id=1
2025-07-30 16:49:11 | ERROR: Database connection error: MySQLi extension is not loaded. Please install php-mysqli.
2025-07-30 17:44:17 | GET | /tasks.php?user_id=1&id=977061af-fedf-4616-a0e7-210022815136&vscodeBrowserReqId=1753897457187
2025-07-30 17:44:17 | ERROR: Database connection error: MySQLi extension is not loaded. Please install php-mysqli.
2025-07-30 17:44:56 | GET | /tasks.php?user_id=1
2025-07-30 17:44:56 | ERROR: Database connection error: MySQLi extension is not loaded. Please install php-mysqli.
2025-07-30 17:44:56 | GET | /tasks.php?user_id=1
2025-07-30 17:44:56 | ERROR: Database connection error: MySQLi extension is not loaded. Please install php-mysqli.
2025-07-30 17:44:56 | POST | /tasks.php
2025-07-30 17:44:56 | ERROR: Database connection error: MySQLi extension is not loaded. Please install php-mysqli.
2025-07-30 17:44:56 | POST | /tasks.php
2025-07-30 17:44:56 | ERROR: Database connection error: MySQLi extension is not loaded. Please install php-mysqli.
2025-07-30 17:44:56 | POST | /tasks.php
2025-07-30 17:44:56 | ERROR: Database connection error: MySQLi extension is not loaded. Please install php-mysqli.
2025-07-30 17:44:56 | POST | /tasks.php
2025-07-30 17:44:56 | ERROR: Database connection error: MySQLi extension is not loaded. Please install php-mysqli.
2025-07-30 17:48:51 | GET | /tasks.php?user_id=1
2025-07-30 17:48:51 | ERROR: Database connection error: MySQLi extension is not loaded. Please install php-mysqli.
2025-07-30 17:48:51 | GET | /tasks.php?user_id=1
2025-07-30 17:48:51 | ERROR: Database connection error: MySQLi extension is not loaded. Please install php-mysqli.
2025-07-30 17:48:51 | POST | /tasks.php
2025-07-30 17:48:51 | ERROR: Database connection error: MySQLi extension is not loaded. Please install php-mysqli.
2025-07-30 17:48:51 | POST | /tasks.php
2025-07-30 17:48:51 | ERROR: Database connection error: MySQLi extension is not loaded. Please install php-mysqli.
2025-07-30 17:48:51 | POST | /tasks.php
2025-07-30 17:48:51 | ERROR: Database connection error: MySQLi extension is not loaded. Please install php-mysqli.
2025-07-30 17:48:51 | POST | /tasks.php
2025-07-30 17:48:51 | ERROR: Database connection error: MySQLi extension is not loaded. Please install php-mysqli.
2025-07-30 17:49:19 | GET | /tasks.php?user_id=1
2025-07-30 17:49:19 | ERROR: Database connection error: MySQLi extension is not loaded. Please install php-mysqli.
2025-07-30 17:49:19 | GET | /tasks.php?user_id=1
2025-07-30 17:49:19 | ERROR: Database connection error: MySQLi extension is not loaded. Please install php-mysqli.
2025-07-30 17:49:19 | POST | /tasks.php
2025-07-30 17:49:19 | ERROR: Database connection error: MySQLi extension is not loaded. Please install php-mysqli.
2025-07-30 17:49:19 | POST | /tasks.php
2025-07-30 17:49:19 | ERROR: Database connection error: MySQLi extension is not loaded. Please install php-mysqli.
2025-07-30 17:49:19 | POST | /tasks.php
2025-07-30 17:49:19 | ERROR: Database connection error: MySQLi extension is not loaded. Please install php-mysqli.
2025-07-30 17:49:19 | POST | /tasks.php
2025-07-30 17:49:19 | ERROR: Database connection error: MySQLi extension is not loaded. Please install php-mysqli.
2025-07-30 17:49:20 | GET | /tasks.php?user_id=1
2025-07-30 17:49:20 | ERROR: Database connection error: MySQLi extension is not loaded. Please install php-mysqli.
2025-07-30 17:49:21 | GET | /tasks.php?user_id=1
2025-07-30 17:49:21 | ERROR: Database connection error: MySQLi extension is not loaded. Please install php-mysqli.
2025-07-30 17:49:21 | POST | /tasks.php
2025-07-30 17:49:21 | ERROR: Database connection error: MySQLi extension is not loaded. Please install php-mysqli.
2025-07-30 17:49:21 | POST | /tasks.php
2025-07-30 17:49:21 | ERROR: Database connection error: MySQLi extension is not loaded. Please install php-mysqli.
2025-07-30 17:49:21 | POST | /tasks.php
2025-07-30 17:49:21 | ERROR: Database connection error: MySQLi extension is not loaded. Please install php-mysqli.
2025-07-30 17:49:21 | POST | /tasks.php
2025-07-30 17:49:21 | ERROR: Database connection error: MySQLi extension is not loaded. Please install php-mysqli.
2025-07-30 17:49:22 | GET | /tasks.php?user_id=1
2025-07-30 17:49:22 | ERROR: Database connection error: MySQLi extension is not loaded. Please install php-mysqli.
2025-07-30 17:49:22 | GET | /tasks.php?user_id=1
2025-07-30 17:49:22 | ERROR: Database connection error: MySQLi extension is not loaded. Please install php-mysqli.
2025-07-30 17:49:22 | POST | /tasks.php
2025-07-30 17:49:22 | ERROR: Database connection error: MySQLi extension is not loaded. Please install php-mysqli.
2025-07-30 17:49:22 | POST | /tasks.php
2025-07-30 17:49:22 | ERROR: Database connection error: MySQLi extension is not loaded. Please install php-mysqli.
2025-07-30 17:49:22 | POST | /tasks.php
2025-07-30 17:49:22 | ERROR: Database connection error: MySQLi extension is not loaded. Please install php-mysqli.
2025-07-30 17:49:22 | POST | /tasks.php
2025-07-30 17:49:22 | ERROR: Database connection error: MySQLi extension is not loaded. Please install php-mysqli.
2025-07-30 17:49:23 | GET | /tasks.php?user_id=1
2025-07-30 17:49:23 | ERROR: Database connection error: MySQLi extension is not loaded. Please install php-mysqli.
2025-07-30 17:49:23 | GET | /tasks.php?user_id=1
2025-07-30 17:49:23 | ERROR: Database connection error: MySQLi extension is not loaded. Please install php-mysqli.
2025-07-30 17:49:23 | POST | /tasks.php
2025-07-30 17:49:23 | ERROR: Database connection error: MySQLi extension is not loaded. Please install php-mysqli.
2025-07-30 17:49:23 | POST | /tasks.php
2025-07-30 17:49:23 | ERROR: Database connection error: MySQLi extension is not loaded. Please install php-mysqli.
2025-07-30 17:49:23 | POST | /tasks.php
2025-07-30 17:49:23 | ERROR: Database connection error: MySQLi extension is not loaded. Please install php-mysqli.
2025-07-30 17:49:23 | POST | /tasks.php
2025-07-30 17:49:23 | ERROR: Database connection error: MySQLi extension is not loaded. Please install php-mysqli.
2025-07-30 17:49:42 | GET | /tasks.php?user_id=1
2025-07-30 17:49:42 | ERROR: Database connection error: MySQLi extension is not loaded. Please install php-mysqli.
2025-07-30 17:49:42 | GET | /tasks.php?user_id=1
2025-07-30 17:49:42 | ERROR: Database connection error: MySQLi extension is not loaded. Please install php-mysqli.
2025-07-30 17:49:42 | POST | /tasks.php
2025-07-30 17:49:42 | ERROR: Database connection error: MySQLi extension is not loaded. Please install php-mysqli.
2025-07-30 17:49:42 | POST | /tasks.php
2025-07-30 17:49:42 | ERROR: Database connection error: MySQLi extension is not loaded. Please install php-mysqli.
2025-07-30 17:49:43 | POST | /tasks.php
2025-07-30 17:49:43 | ERROR: Database connection error: MySQLi extension is not loaded. Please install php-mysqli.
2025-07-30 17:49:43 | POST | /tasks.php
2025-07-30 17:49:43 | ERROR: Database connection error: MySQLi extension is not loaded. Please install php-mysqli.
2025-07-30 17:50:15 | GET | /tasks.php?user_id=1
2025-07-30 17:50:15 | ERROR: Database connection error: MySQLi extension is not loaded. Please install php-mysqli.
2025-07-30 17:50:15 | GET | /tasks.php?user_id=1
2025-07-30 17:50:15 | ERROR: Database connection error: MySQLi extension is not loaded. Please install php-mysqli.
2025-07-30 17:50:15 | POST | /tasks.php
2025-07-30 17:50:15 | ERROR: Database connection error: MySQLi extension is not loaded. Please install php-mysqli.
2025-07-30 17:50:15 | POST | /tasks.php
2025-07-30 17:50:15 | ERROR: Database connection error: MySQLi extension is not loaded. Please install php-mysqli.
2025-07-30 17:50:15 | POST | /tasks.php
2025-07-30 17:50:15 | ERROR: Database connection error: MySQLi extension is not loaded. Please install php-mysqli.
2025-07-30 17:50:15 | POST | /tasks.php
2025-07-30 17:50:15 | ERROR: Database connection error: MySQLi extension is not loaded. Please install php-mysqli.
2025-07-30 17:53:37 | GET | /tasks.php?user_id=1
2025-07-30 17:53:37 | ERROR: Database connection error: MySQLi extension is not loaded. Please install php-mysqli.
2025-07-30 17:53:37 | GET | /tasks.php?user_id=1
2025-07-30 17:53:37 | ERROR: Database connection error: MySQLi extension is not loaded. Please install php-mysqli.
2025-07-30 17:53:37 | POST | /tasks.php
2025-07-30 17:53:37 | ERROR: Database connection error: MySQLi extension is not loaded. Please install php-mysqli.
2025-07-30 17:53:37 | POST | /tasks.php
2025-07-30 17:53:37 | ERROR: Database connection error: MySQLi extension is not loaded. Please install php-mysqli.
2025-07-30 17:53:37 | POST | /tasks.php
2025-07-30 17:53:37 | ERROR: Database connection error: MySQLi extension is not loaded. Please install php-mysqli.
2025-07-30 17:53:37 | POST | /tasks.php
2025-07-30 17:53:37 | ERROR: Database connection error: MySQLi extension is not loaded. Please install php-mysqli.
2025-07-30 18:01:14 | GET | /tasks.php?user_id=1
2025-07-30 18:01:14 | ERROR: Database connection error: Access denied for user 'root'@'localhost' (using password: NO)
2025-07-30 18:03:42 | GET | /tasks.php?user_id=1
2025-07-30 18:03:42 | ERROR: Database connection error: Access denied for user 'root'@'localhost' (using password: NO)
2025-07-30 18:03:42 | GET | /tasks.php?user_id=1
2025-07-30 18:03:42 | ERROR: Database connection error: Access denied for user 'root'@'localhost' (using password: NO)
2025-07-30 18:03:42 | POST | /tasks.php
2025-07-30 18:03:42 | ERROR: Database connection error: Access denied for user 'root'@'localhost' (using password: NO)
2025-07-30 18:03:42 | POST | /tasks.php
2025-07-30 18:03:42 | ERROR: Database connection error: Access denied for user 'root'@'localhost' (using password: NO)
2025-07-30 18:03:42 | POST | /tasks.php
2025-07-30 18:03:42 | ERROR: Database connection error: Access denied for user 'root'@'localhost' (using password: NO)
2025-07-30 18:03:42 | POST | /tasks.php
2025-07-30 18:03:42 | ERROR: Database connection error: Access denied for user 'root'@'localhost' (using password: NO)
2025-07-30 18:03:44 | GET | /tasks.php?user_id=1
2025-07-30 18:03:44 | ERROR: Database connection error: Access denied for user 'root'@'localhost' (using password: NO)
2025-07-30 18:03:44 | GET | /tasks.php?user_id=1
2025-07-30 18:03:44 | ERROR: Database connection error: Access denied for user 'root'@'localhost' (using password: NO)
2025-07-30 18:03:44 | POST | /tasks.php
2025-07-30 18:03:44 | ERROR: Database connection error: Access denied for user 'root'@'localhost' (using password: NO)
2025-07-30 18:03:44 | POST | /tasks.php
2025-07-30 18:03:44 | ERROR: Database connection error: Access denied for user 'root'@'localhost' (using password: NO)
2025-07-30 18:03:44 | POST | /tasks.php
2025-07-30 18:03:44 | ERROR: Database connection error: Access denied for user 'root'@'localhost' (using password: NO)
2025-07-30 18:03:44 | POST | /tasks.php
2025-07-30 18:03:44 | ERROR: Database connection error: Access denied for user 'root'@'localhost' (using password: NO)
2025-07-30 18:03:45 | GET | /tasks.php?user_id=1
2025-07-30 18:03:45 | ERROR: Database connection error: Access denied for user 'root'@'localhost' (using password: NO)
2025-07-30 18:03:45 | GET | /tasks.php?user_id=1
2025-07-30 18:03:45 | ERROR: Database connection error: Access denied for user 'root'@'localhost' (using password: NO)
2025-07-30 18:03:46 | POST | /tasks.php
2025-07-30 18:03:46 | ERROR: Database connection error: Access denied for user 'root'@'localhost' (using password: NO)
2025-07-30 18:03:46 | POST | /tasks.php
2025-07-30 18:03:46 | ERROR: Database connection error: Access denied for user 'root'@'localhost' (using password: NO)
2025-07-30 18:03:46 | POST | /tasks.php
2025-07-30 18:03:46 | ERROR: Database connection error: Access denied for user 'root'@'localhost' (using password: NO)
2025-07-30 18:03:46 | POST | /tasks.php
2025-07-30 18:03:46 | ERROR: Database connection error: Access denied for user 'root'@'localhost' (using password: NO)
2025-07-30 18:11:53 | GET | /tasks.php?user_id=1
2025-07-30 18:15:56 | GET | /tasks.php?user_id=1
2025-07-30 18:18:14 | GET | /tasks.php?user_id=1
2025-07-30 18:19:05 | GET | /tasks.php?user_id=1
2025-07-30 18:20:28 | GET | /tasks.php?user_id=1
2025-07-30 18:32:00 | GET | /tasks.php?user_id=1
2025-07-30 18:32:00 | GET | /tasks.php?user_id=1
2025-07-30 18:32:46 | POST | /tasks.php
2025-07-30 18:32:46 | POST | /tasks.php
2025-07-30 18:32:46 | POST | /tasks.php
2025-07-30 18:32:46 | POST | /tasks.php
2025-07-30 18:32:46 | ERROR: Invalid request data - title and category are required
2025-07-30 18:33:25 | GET | /tasks.php?user_id=1
2025-07-30 18:33:26 | GET | /tasks.php?user_id=1
2025-07-30 18:34:10 | POST | /tasks.php
2025-07-30 18:34:10 | POST | /tasks.php
2025-07-30 18:34:10 | POST | /tasks.php
2025-07-30 18:34:10 | POST | /tasks.php
2025-07-30 18:34:10 | ERROR: Invalid request data - title and category are required
2025-07-30 18:37:31 | POST | /tasks.php
2025-07-30 18:37:31 | ERROR: Invalid request data - title and category are required
2025-07-30 18:37:47 | POST | /tasks.php
2025-07-30 18:40:45 | POST | /tasks.php
2025-07-30 18:44:27 | GET | /tasks.php?user_id=1
2025-07-30 18:46:37 | GET | /tasks.php?user_id=1
2025-07-30 18:54:14 | POST | /tasks.php
2025-07-30 18:54:14 | GET | /tasks.php?user_id=1
2025-07-30 18:54:14 | POST | /tasks.php
2025-07-30 18:54:14 | ERROR: Invalid request data - title and category are required
2025-07-30 18:54:29 | GET | /tasks.php?user_id=1
2025-07-30 18:57:24 | POST | /tasks.php
2025-07-30 18:57:24 | GET | /tasks.php?user_id=1
2025-07-30 18:57:24 | POST | /tasks.php
2025-07-30 18:57:24 | ERROR: Invalid request data - title and category are required
2025-07-30 19:12:54 | GET | /tasks.php?user_id=1
2025-07-30 19:12:54 | GET | /tasks.php?user_id=1
2025-07-30 19:13:14 | POST | /tasks.php
2025-07-30 19:13:14 | PUT | /tasks.php
2025-07-30 19:13:14 | DELETE | /tasks.php
2025-07-30 19:13:14 | POST | /tasks.php
2025-07-30 19:13:14 | POST | /tasks.php
2025-07-30 19:13:14 | POST | /tasks.php
2025-07-30 19:13:14 | ERROR: Invalid request data - title and category are required
2025-07-30 19:14:48 | GET | /tasks.php?user_id=1
2025-07-30 19:14:48 | ERROR: Database connection error: MySQLi extension is not loaded. Please install php-mysqli.
2025-07-30 19:15:13 | POST | /tasks.php
2025-07-30 19:15:13 | ERROR: Database connection error: MySQLi extension is not loaded. Please install php-mysqli.
2025-07-30 19:15:18 | POST | /tasks.php
2025-07-30 19:15:18 | ERROR: Database connection error: MySQLi extension is not loaded. Please install php-mysqli.
2025-07-30 19:16:30 | GET | /tasks.php?user_id=1
2025-07-30 19:16:49 | POST | /tasks.php
2025-07-30 19:16:51 | GET | /tasks.php?user_id=1
2025-07-30 19:18:07 | GET | /tasks.php?user_id=1
2025-07-30 19:18:07 | GET | /tasks.php?user_id=1
2025-07-30 19:18:30 | POST | /tasks.php
2025-07-30 19:18:30 | PUT | /tasks.php
2025-07-30 19:18:30 | DELETE | /tasks.php
2025-07-30 19:18:30 | POST | /tasks.php
2025-07-30 19:18:30 | POST | /tasks.php
2025-07-30 19:18:30 | POST | /tasks.php
2025-07-30 19:18:30 | ERROR: Invalid request data - title and category are required
2025-07-30 22:57:03 | GET | /tasks.php?user_id=1
2025-07-31 05:27:35 | GET | /tasks.php?user_id=1
